<?xml version="1.0" encoding="UTF-8"?>
<!-- Generated by org.testng.reporters.JUnitReportReporter -->
<testsuite hostname="USBGOSHDAYANA1" failures="0" tests="1" name="com.resttest.MainRestAPI.AppTest" time="4.391" errors="0" timestamp="2021-07-19T11:49:13 IST" skipped="0">
  <testcase classname="com.resttest.MainRestAPI.AppTest" name="checkNumberOfItems" time="4.391"/>
  <system-out/>
</testsuite> <!-- com.resttest.MainRestAPI.AppTest -->
